<?xml version="1.0" encoding="UTF-8"?>
<testng-results skipped="0" failed="1" ignored="0" total="1" passed="0">
  <reporter-output>
    <line>
      <![CDATA[Click to see screenshot]]>
    </line>
    <line>
      <![CDATA[<a target="_blank" href=C:\Users\Jagruti\git\ZoodelAutomationWithMaven\ZoodelAutomation_Maven/Screenshots/userSuccessfullyLoggedIn.png >Screenshot for fail Test</a>]]>
    </line>
    <line>
      <![CDATA[<br>]]>
    </line>
    <line>
      <![CDATA[<br>]]>
    </line>
    <line>
      <![CDATA[<a target="_blank" href=C:\Users\Jagruti\git\ZoodelAutomationWithMaven\ZoodelAutomation_Maven/Screenshots/userSuccessfullyLoggedIn.png><img src=C:\Users\Jagruti\git\ZoodelAutomationWithMaven\ZoodelAutomation_Maven/Screenshots/userSuccessfullyLoggedIn.png height=200 width=200></img></a>]]>
    </line>
  </reporter-output>
  <suite name="Suite" duration-ms="193421" started-at="2019-08-04T13:16:30Z" finished-at="2019-08-04T13:19:43Z">
    <groups>
      <group name="Smoke">
        <method signature="TestCase_Login.userSuccessfullyLoggedIn()[pri:1, instance:zoodel.testcase.TestCase_Login@80ec1f8]" name="userSuccessfullyLoggedIn" class="zoodel.testcase.TestCase_Login"/>
      </group> <!-- Smoke -->
    </groups>
    <test name="Test Login" duration-ms="193421" started-at="2019-08-04T13:16:30Z" finished-at="2019-08-04T13:19:43Z">
      <class name="zoodel.testcase.TestCase_Login">
        <test-method status="PASS" signature="setUpForScript()[pri:0, instance:zoodel.testcase.TestCase_Login@80ec1f8]" name="setUpForScript" is-config="true" duration-ms="3031" started-at="2019-08-04T13:16:27Z" finished-at="2019-08-04T13:16:30Z">
          <reporter-output>
          </reporter-output>
        </test-method> <!-- setUpForScript -->
        <test-method status="PASS" signature="openBrowser(java.lang.String, java.lang.String)[pri:0, instance:zoodel.testcase.TestCase_Login@80ec1f8]" name="openBrowser" is-config="true" duration-ms="132621" started-at="2019-08-04T13:16:30Z" finished-at="2019-08-04T13:18:43Z">
          <params>
            <param index="0">
              <value is-null="true"/>
            </param>
            <param index="1">
              <value is-null="true"/>
            </param>
          </params>
          <reporter-output>
          </reporter-output>
        </test-method> <!-- openBrowser -->
        <test-method status="PASS" signature="setupBeforeSuite(org.testng.ITestContext)[pri:0, instance:zoodel.testcase.TestCase_Login@80ec1f8]" name="setupBeforeSuite" is-config="true" duration-ms="125" started-at="2019-08-04T13:18:43Z" finished-at="2019-08-04T13:18:43Z">
          <params>
            <param index="0">
              <value>
                <![CDATA[org.testng.TestRunner@424ebba3]]>
              </value>
            </param>
          </params>
          <reporter-output>
          </reporter-output>
        </test-method> <!-- setupBeforeSuite -->
        <test-method status="PASS" signature="setUpBeforeMethodInitialization()[pri:0, instance:zoodel.testcase.TestCase_Login@80ec1f8]" name="setUpBeforeMethodInitialization" is-config="true" duration-ms="46103" started-at="2019-08-04T13:18:43Z" finished-at="2019-08-04T13:19:29Z">
          <reporter-output>
          </reporter-output>
        </test-method> <!-- setUpBeforeMethodInitialization -->
        <test-method status="FAIL" signature="userSuccessfullyLoggedIn()[pri:1, instance:zoodel.testcase.TestCase_Login@80ec1f8]" name="userSuccessfullyLoggedIn" duration-ms="11314" started-at="2019-08-04T13:19:29Z" finished-at="2019-08-04T13:19:40Z">
          <exception class="java.lang.AssertionError">
            <message>
              <![CDATA[User is not login sucessfully]]>
            </message>
            <full-stacktrace>
              <![CDATA[java.lang.AssertionError: User is not login sucessfully
at org.testng.Assert.fail(Assert.java:96)
at zoodel.testcase.TestCase_Login.userSuccessfullyLoggedIn(TestCase_Login.java:71)
at sun.reflect.NativeMethodAccessorImpl.invoke0(Native Method)
at sun.reflect.NativeMethodAccessorImpl.invoke(NativeMethodAccessorImpl.java:62)
at sun.reflect.DelegatingMethodAccessorImpl.invoke(DelegatingMethodAccessorImpl.java:43)
at java.lang.reflect.Method.invoke(Method.java:498)
at org.testng.internal.MethodInvocationHelper.invokeMethod(MethodInvocationHelper.java:124)
at org.testng.internal.Invoker.invokeMethod(Invoker.java:583)
at org.testng.internal.Invoker.invokeTestMethod(Invoker.java:719)
at org.testng.internal.Invoker.invokeTestMethods(Invoker.java:989)
at org.testng.internal.TestMethodWorker.invokeTestMethods(TestMethodWorker.java:125)
at org.testng.internal.TestMethodWorker.run(TestMethodWorker.java:109)
at org.testng.TestRunner.privateRun(TestRunner.java:648)
at org.testng.TestRunner.run(TestRunner.java:505)
at org.testng.SuiteRunner.runTest(SuiteRunner.java:455)
at org.testng.SuiteRunner.runSequentially(SuiteRunner.java:450)
at org.testng.SuiteRunner.privateRun(SuiteRunner.java:415)
at org.testng.SuiteRunner.run(SuiteRunner.java:364)
at org.testng.SuiteRunnerWorker.runSuite(SuiteRunnerWorker.java:52)
at org.testng.SuiteRunnerWorker.run(SuiteRunnerWorker.java:84)
at org.testng.TestNG.runSuitesSequentially(TestNG.java:1208)
at org.testng.TestNG.runSuitesLocally(TestNG.java:1137)
at org.testng.TestNG.runSuites(TestNG.java:1049)
at org.testng.TestNG.run(TestNG.java:1017)
at org.testng.remote.AbstractRemoteTestNG.run(AbstractRemoteTestNG.java:114)
at org.testng.remote.RemoteTestNG.initAndRun(RemoteTestNG.java:251)
at org.testng.remote.RemoteTestNG.main(RemoteTestNG.java:77)
]]>
            </full-stacktrace>
          </exception> <!-- java.lang.AssertionError -->
          <reporter-output>
            <line>
              <![CDATA[Click to see screenshot]]>
            </line>
            <line>
              <![CDATA[<a target="_blank" href=C:\Users\Jagruti\git\ZoodelAutomationWithMaven\ZoodelAutomation_Maven/Screenshots/userSuccessfullyLoggedIn.png >Screenshot for fail Test</a>]]>
            </line>
            <line>
              <![CDATA[<br>]]>
            </line>
            <line>
              <![CDATA[<br>]]>
            </line>
            <line>
              <![CDATA[<a target="_blank" href=C:\Users\Jagruti\git\ZoodelAutomationWithMaven\ZoodelAutomation_Maven/Screenshots/userSuccessfullyLoggedIn.png><img src=C:\Users\Jagruti\git\ZoodelAutomationWithMaven\ZoodelAutomation_Maven/Screenshots/userSuccessfullyLoggedIn.png height=200 width=200></img></a>]]>
            </line>
          </reporter-output>
        </test-method> <!-- userSuccessfullyLoggedIn -->
        <test-method status="PASS" signature="tearDown(org.testng.ITestResult)[pri:0, instance:zoodel.testcase.TestCase_Login@80ec1f8]" name="tearDown" is-config="true" duration-ms="622" started-at="2019-08-04T13:19:41Z" finished-at="2019-08-04T13:19:41Z">
          <params>
            <param index="0">
              <value>
                <![CDATA[[TestResult name=userSuccessfullyLoggedIn status=FAILURE method=TestCase_Login.userSuccessfullyLoggedIn()[pri:1, instance:zoodel.testcase.TestCase_Login@80ec1f8] output=Click to see screenshot]]]>
              </value>
            </param>
          </params>
          <reporter-output>
          </reporter-output>
        </test-method> <!-- tearDown -->
        <test-method status="PASS" signature="closeBrowser()[pri:0, instance:zoodel.testcase.TestCase_Login@80ec1f8]" name="closeBrowser" is-config="true" duration-ms="1897" started-at="2019-08-04T13:19:41Z" finished-at="2019-08-04T13:19:43Z">
          <reporter-output>
          </reporter-output>
        </test-method> <!-- closeBrowser -->
      </class> <!-- zoodel.testcase.TestCase_Login -->
    </test> <!-- Test Login -->
  </suite> <!-- Suite -->
</testng-results>
