<?xml version="1.0" encoding="UTF-8"?>
<!-- Generated by org.testng.reporters.JUnitXMLReporter -->
<testsuite hostname="LAPTOP-4DV9LDAE" ignored="0" name="Test Login" tests="1" failures="1" timestamp="29 Jul 2019 17:25:12 GMT" time="330.764" errors="0">
  <testcase name="userSuccessfullyLoggedIn" time="94.265" classname="zoodel.testcase.TestCase_Login">
    <failure type="java.lang.AssertionError" message="User is not login sucessfully">
      <![CDATA[java.lang.AssertionError: User is not login sucessfully
at zoodel.testcase.TestCase_Login.userSuccessfullyLoggedIn(TestCase_Login.java:71)
... Removed 26 stack frames]]>
    </failure>
  </testcase> <!-- userSuccessfullyLoggedIn -->
</testsuite> <!-- Test Login -->
