<?xml version="1.0" encoding="UTF-8"?>
<!-- Generated by org.testng.reporters.JUnitXMLReporter -->
<testsuite hostname="LAPTOP-4DV9LDAE" ignored="2" name="Test" tests="3" failures="0" timestamp="18 Nov 2019 06:17:45 GMT" time="24.369" errors="0">
  <testcase name="@BeforeMethod setUpBeforeMethodInitialization" time="0.0" classname="zoodel.testcase.TestCase_HomePageLink">
    <failure type="java.lang.NullPointerException">
      <![CDATA[java.lang.NullPointerException
	at zoodel.testcase.TestCase_HomePageLink.setUpBeforeMethodInitialization(TestCase_HomePageLink.java:43)
... Removed 27 stack frames]]>
    </failure>
  </testcase> <!-- @BeforeMethod setUpBeforeMethodInitialization -->
  <testcase name="@BeforeMethod setUpBeforeMethodInitialization" time="0.0" classname="zoodel.testcase.TestCase_HomePageLink">
    <failure type="java.lang.NullPointerException">
      <![CDATA[java.lang.NullPointerException
	at zoodel.testcase.TestCase_HomePageLink.setUpBeforeMethodInitialization(TestCase_HomePageLink.java:43)
... Removed 27 stack frames]]>
    </failure>
  </testcase> <!-- @BeforeMethod setUpBeforeMethodInitialization -->
  <testcase name="@BeforeMethod setUpBeforeMethodInitialization" time="0.0" classname="zoodel.testcase.TestCase_HomePageLink">
    <failure type="java.lang.NullPointerException">
      <![CDATA[java.lang.NullPointerException
	at zoodel.testcase.TestCase_HomePageLink.setUpBeforeMethodInitialization(TestCase_HomePageLink.java:43)
... Removed 27 stack frames]]>
    </failure>
  </testcase> <!-- @BeforeMethod setUpBeforeMethodInitialization -->
  <testcase name="CheckTitleOfHomePageLink" time="0.001" classname="zoodel.testcase.TestCase_HomePageLink">
    <skipped/>
  </testcase> <!-- CheckTitleOfHomePageLink -->
  <testcase name="CheckTitleOfHomePageLink" time="0.0" classname="zoodel.testcase.TestCase_HomePageLink">
    <skipped/>
  </testcase> <!-- CheckTitleOfHomePageLink -->
  <testcase name="CheckTitleOfHomePageLink" time="0.0" classname="zoodel.testcase.TestCase_HomePageLink">
    <skipped/>
  </testcase> <!-- CheckTitleOfHomePageLink -->
  <testcase name="CheckTitleOfHomePageLink2" time="0.0" classname="zoodel.testcase.TestCase_HomePageLink">
    <ignored/>
  </testcase> <!-- CheckTitleOfHomePageLink2 -->
  <testcase name="CheckStaticLinks" time="0.0" classname="zoodel.testcase.TestCase_HomePageLink">
    <ignored/>
  </testcase> <!-- CheckStaticLinks -->
</testsuite> <!-- Test -->
